Start testing: May 27 21:17 MSK
----------------------------------------------------------
Unable to find executable: /root/zhenya1998/workspace/projects/lab06/_build/check
1/1 Testing: check
1/1 Test: check
Command: "" "-s" "-r" "compact" "--use-colour" "yes"
Directory: /root/zhenya1998/workspace/projects/lab06/_build
"check" start time: 
Output:
----------------------------------------------------------
<end of output>
Test time =   0.00 sec
----------------------------------------------------------
Test Passed.
"check" end time: May 27 21:17 MSK
"check" time elapsed: 00:00:00
----------------------------------------------------------

End testing: May 27 21:17 MSK
